Determining if the pthread_create exist failed with the following output:
Change Dir: /home/nvidia/CLionProjects/Leader-following/cmake-build-debug/CMakeFiles/CMakeTmp

Run Build Command:"/usr/bin/make" "cmTC_ee5db/fast"
/usr/bin/make -f CMakeFiles/cmTC_ee5db.dir/build.make CMakeFiles/cmTC_ee5db.dir/build
make[1]: Entering directory '/home/nvidia/CLionProjects/Leader-following/cmake-build-debug/CMakeFiles/CMakeTmp'
Building C object CMakeFiles/cmTC_ee5db.dir/CheckSymbolExists.c.o
/usr/local/gcc-8.1/bin/gcc    -o CMakeFiles/cmTC_ee5db.dir/CheckSymbolExists.c.o   -c /home/nvidia/CLionProjects/Leader-following/cmake-build-debug/CMakeFiles/CMakeTmp/CheckSymbolExists.c
Linking C executable cmTC_ee5db
/usr/local/bin/cmake -E cmake_link_script CMakeFiles/cmTC_ee5db.dir/link.txt --verbose=1
/usr/local/gcc-8.1/bin/gcc      -rdynamic CMakeFiles/cmTC_ee5db.dir/CheckSymbolExists.c.o  -o cmTC_ee5db 
CMakeFiles/cmTC_ee5db.dir/CheckSymbolExists.c.o: In function `main':
CheckSymbolExists.c:(.text+0x14): undefined reference to `pthread_create'
CheckSymbolExists.c:(.text+0x18): undefined reference to `pthread_create'
collect2: error: ld returned 1 exit status
CMakeFiles/cmTC_ee5db.dir/build.make:86: recipe for target 'cmTC_ee5db' failed
make[1]: *** [cmTC_ee5db] Error 1
make[1]: Leaving directory '/home/nvidia/CLionProjects/Leader-following/cmake-build-debug/CMakeFiles/CMakeTmp'
Makefile:121: recipe for target 'cmTC_ee5db/fast' failed
make: *** [cmTC_ee5db/fast] Error 2

File /home/nvidia/CLionProjects/Leader-following/cmake-build-debug/CMakeFiles/CMakeTmp/CheckSymbolExists.c:
/* */
#include <pthread.h>

int main(int argc, char** argv)
{
  (void)argv;
#ifndef pthread_create
  return ((int*)(&pthread_create))[argc];
#else
  (void)argc;
  return 0;
#endif
}

Determining if the function pthread_create exists in the pthreads failed with the following output:
Change Dir: /home/nvidia/CLionProjects/Leader-following/cmake-build-debug/CMakeFiles/CMakeTmp

Run Build Command:"/usr/bin/make" "cmTC_feb0e/fast"
/usr/bin/make -f CMakeFiles/cmTC_feb0e.dir/build.make CMakeFiles/cmTC_feb0e.dir/build
make[1]: Entering directory '/home/nvidia/CLionProjects/Leader-following/cmake-build-debug/CMakeFiles/CMakeTmp'
Building C object CMakeFiles/cmTC_feb0e.dir/CheckFunctionExists.c.o
/usr/local/gcc-8.1/bin/gcc   -DCHECK_FUNCTION_EXISTS=pthread_create   -o CMakeFiles/cmTC_feb0e.dir/CheckFunctionExists.c.o   -c /usr/local/share/cmake-3.12/Modules/CheckFunctionExists.c
Linking C executable cmTC_feb0e
/usr/local/bin/cmake -E cmake_link_script CMakeFiles/cmTC_feb0e.dir/link.txt --verbose=1
/usr/local/gcc-8.1/bin/gcc  -DCHECK_FUNCTION_EXISTS=pthread_create    -rdynamic CMakeFiles/cmTC_feb0e.dir/CheckFunctionExists.c.o  -o cmTC_feb0e -lpthreads 
/usr/bin/ld: cannot find -lpthreads
collect2: error: ld returned 1 exit status
CMakeFiles/cmTC_feb0e.dir/build.make:86: recipe for target 'cmTC_feb0e' failed
make[1]: *** [cmTC_feb0e] Error 1
make[1]: Leaving directory '/home/nvidia/CLionProjects/Leader-following/cmake-build-debug/CMakeFiles/CMakeTmp'
Makefile:121: recipe for target 'cmTC_feb0e/fast' failed
make: *** [cmTC_feb0e/fast] Error 2


